<?xml version="1.0" encoding="UTF-8"?>
<!-- Generated by org.testng.reporters.JUnitReportReporter -->
<testsuite hostname="AIPL-CHE-LT-208" name="testng.BaseTest" tests="1" failures="0" timestamp="20 Mar 2018 11:56:52 GMT" time="0.010" errors="0">
  <testcase name="test" time="0.010" classname="testng.BaseTest"/>
</testsuite> <!-- testng.BaseTest -->
