<?xml version="1.0" encoding="UTF-8"?>
<!-- Generated by org.testng.reporters.JUnitReportReporter -->
<testsuite hostname="AIPL-CHE-LT-208" name="arrays.PayPal" tests="2" failures="0" timestamp="8 May 2018 14:10:03 GMT" time="0.039" errors="0">
  <testcase name="t2" time="0.006" classname="arrays.PayPal"/>
  <testcase name="t1" time="0.033" classname="arrays.PayPal"/>
</testsuite> <!-- arrays.PayPal -->
