<?xml version="1.0" encoding="UTF-8"?>
<!-- Generated by org.testng.reporters.JUnitReportReporter -->
<testsuite hostname="AIPL-CHE-LT-208" name="testng.RunningTestMethodMoreTimes" tests="10" failures="0" timestamp="8 Apr 2018 05:14:30 GMT" time="0.044" errors="0">
  <testcase name="test1" time="0.002" classname="testng.RunningTestMethodMoreTimes"/>
  <testcase name="test1" time="0.002" classname="testng.RunningTestMethodMoreTimes"/>
  <testcase name="test1" time="0.002" classname="testng.RunningTestMethodMoreTimes"/>
  <testcase name="test1" time="0.004" classname="testng.RunningTestMethodMoreTimes"/>
  <testcase name="test1" time="0.003" classname="testng.RunningTestMethodMoreTimes"/>
  <testcase name="test1" time="0.002" classname="testng.RunningTestMethodMoreTimes"/>
  <testcase name="test1" time="0.017" classname="testng.RunningTestMethodMoreTimes"/>
  <testcase name="test1" time="0.002" classname="testng.RunningTestMethodMoreTimes"/>
  <testcase name="test1" time="0.006" classname="testng.RunningTestMethodMoreTimes"/>
  <testcase name="test1" time="0.004" classname="testng.RunningTestMethodMoreTimes"/>
</testsuite> <!-- testng.RunningTestMethodMoreTimes -->
